0 info it worked if it ends with ok
1 verbose cli [ 'C:\\Program Files\\nodejs\\node.exe',
1 verbose cli   'C:\\Program Files\\nodejs\\node_modules\\npm\\bin\\npm-cli.js',
1 verbose cli   'uninstall',
1 verbose cli   'material-design-lite',
1 verbose cli   '--save' ]
2 info using npm@3.10.3
3 info using node@v6.3.0
4 silly loadCurrentTree Starting
5 silly install loadCurrentTree
6 silly install readLocalPackageData
7 silly install normalizeTree
8 silly loadCurrentTree Finishing
9 silly loadIdealTree Starting
10 silly install loadIdealTree
11 silly cloneCurrentTree Starting
12 silly install cloneCurrentTreeToIdealTree
13 silly cloneCurrentTree Finishing
14 silly loadShrinkwrap Starting
15 silly install loadShrinkwrap
16 silly loadShrinkwrap Finishing
17 silly loadAllDepsIntoIdealTree Starting
18 silly uninstall loadAllDepsIntoIdealtree
19 silly loadAllDepsIntoIdealTree Finishing
20 silly loadIdealTree Finishing
21 silly currentTree gmod@0.0.0
21 silly currentTree +-- debug@2.2.0
21 silly currentTree | `-- ms@0.7.1
21 silly currentTree +-- express@4.13.4
21 silly currentTree | +-- accepts@1.2.13
21 silly currentTree | | +-- mime-types@2.1.11
21 silly currentTree | | | `-- mime-db@1.23.0
21 silly currentTree | | `-- negotiator@0.5.3
21 silly currentTree | +-- array-flatten@1.1.1
21 silly currentTree | +-- content-disposition@0.5.1
21 silly currentTree | +-- content-type@1.0.2
21 silly currentTree | +-- cookie-signature@1.0.6
21 silly currentTree | +-- cookie@0.1.5
21 silly currentTree | +-- depd@1.1.0
21 silly currentTree | +-- escape-html@1.0.3
21 silly currentTree | +-- etag@1.7.0
21 silly currentTree | +-- finalhandler@0.4.1
21 silly currentTree | | `-- unpipe@1.0.0
21 silly currentTree | +-- fresh@0.3.0
21 silly currentTree | +-- merge-descriptors@1.0.1
21 silly currentTree | +-- methods@1.1.2
21 silly currentTree | +-- on-finished@2.3.0
21 silly currentTree | | `-- ee-first@1.1.1
21 silly currentTree | +-- parseurl@1.3.1
21 silly currentTree | +-- path-to-regexp@0.1.7
21 silly currentTree | +-- proxy-addr@1.0.10
21 silly currentTree | | +-- forwarded@0.1.0
21 silly currentTree | | `-- ipaddr.js@1.0.5
21 silly currentTree | +-- qs@4.0.0
21 silly currentTree | +-- range-parser@1.0.3
21 silly currentTree | +-- send@0.13.1
21 silly currentTree | | +-- destroy@1.0.4
21 silly currentTree | | +-- http-errors@1.3.1
21 silly currentTree | | | `-- inherits@2.0.3
21 silly currentTree | | +-- mime@1.3.4
21 silly currentTree | | +-- ms@0.7.1
21 silly currentTree | | `-- statuses@1.2.1
21 silly currentTree | +-- serve-static@1.10.3
21 silly currentTree | | `-- send@0.13.2
21 silly currentTree | |   +-- destroy@1.0.4
21 silly currentTree | |   +-- http-errors@1.3.1
21 silly currentTree | |   | `-- inherits@2.0.3
21 silly currentTree | |   +-- mime@1.3.4
21 silly currentTree | |   +-- ms@0.7.1
21 silly currentTree | |   `-- statuses@1.2.1
21 silly currentTree | +-- type-is@1.6.13
21 silly currentTree | | +-- media-typer@0.3.0
21 silly currentTree | | `-- mime-types@2.1.11
21 silly currentTree | |   `-- mime-db@1.23.0
21 silly currentTree | +-- utils-merge@1.0.0
21 silly currentTree | `-- vary@1.0.1
21 silly currentTree `-- material-design-lite@1.2.1
22 silly idealTree gmod@0.0.0
22 silly idealTree +-- debug@2.2.0
22 silly idealTree | `-- ms@0.7.1
22 silly idealTree `-- express@4.13.4
22 silly idealTree   +-- accepts@1.2.13
22 silly idealTree   | +-- mime-types@2.1.11
22 silly idealTree   | | `-- mime-db@1.23.0
22 silly idealTree   | `-- negotiator@0.5.3
22 silly idealTree   +-- array-flatten@1.1.1
22 silly idealTree   +-- content-disposition@0.5.1
22 silly idealTree   +-- content-type@1.0.2
22 silly idealTree   +-- cookie-signature@1.0.6
22 silly idealTree   +-- cookie@0.1.5
22 silly idealTree   +-- depd@1.1.0
22 silly idealTree   +-- escape-html@1.0.3
22 silly idealTree   +-- etag@1.7.0
22 silly idealTree   +-- finalhandler@0.4.1
22 silly idealTree   | `-- unpipe@1.0.0
22 silly idealTree   +-- fresh@0.3.0
22 silly idealTree   +-- merge-descriptors@1.0.1
22 silly idealTree   +-- methods@1.1.2
22 silly idealTree   +-- on-finished@2.3.0
22 silly idealTree   | `-- ee-first@1.1.1
22 silly idealTree   +-- parseurl@1.3.1
22 silly idealTree   +-- path-to-regexp@0.1.7
22 silly idealTree   +-- proxy-addr@1.0.10
22 silly idealTree   | +-- forwarded@0.1.0
22 silly idealTree   | `-- ipaddr.js@1.0.5
22 silly idealTree   +-- qs@4.0.0
22 silly idealTree   +-- range-parser@1.0.3
22 silly idealTree   +-- send@0.13.1
22 silly idealTree   | +-- destroy@1.0.4
22 silly idealTree   | +-- http-errors@1.3.1
22 silly idealTree   | | `-- inherits@2.0.3
22 silly idealTree   | +-- mime@1.3.4
22 silly idealTree   | +-- ms@0.7.1
22 silly idealTree   | `-- statuses@1.2.1
22 silly idealTree   +-- serve-static@1.10.3
22 silly idealTree   | `-- send@0.13.2
22 silly idealTree   |   +-- destroy@1.0.4
22 silly idealTree   |   +-- http-errors@1.3.1
22 silly idealTree   |   | `-- inherits@2.0.3
22 silly idealTree   |   +-- mime@1.3.4
22 silly idealTree   |   +-- ms@0.7.1
22 silly idealTree   |   `-- statuses@1.2.1
22 silly idealTree   +-- type-is@1.6.13
22 silly idealTree   | +-- media-typer@0.3.0
22 silly idealTree   | `-- mime-types@2.1.11
22 silly idealTree   |   `-- mime-db@1.23.0
22 silly idealTree   +-- utils-merge@1.0.0
22 silly idealTree   `-- vary@1.0.1
23 silly generateActionsToTake Starting
24 silly install generateActionsToTake
25 silly generateActionsToTake Finishing
26 silly diffTrees action count 1
27 silly diffTrees remove material-design-lite@1.2.1
28 silly decomposeActions action count 1
29 silly decomposeActions remove material-design-lite@1.2.1
30 silly executeActions Starting
31 silly install executeActions
32 silly doSerial global-install 0
33 silly doParallel fetch 0
34 verbose correctMkdir C:\Users\Artem\AppData\Roaming\npm-cache\_locks correctMkdir not in flight; initializing
35 verbose lock using C:\Users\Artem\AppData\Roaming\npm-cache\_locks\staging-68132f9cb9ab6e93.lock for D:\other\gmod.mframe.ru\node_modules\.staging
36 silly doParallel extract 0
37 silly doParallel preinstall 0
38 silly doReverseSerial remove 1
39 silly remove D:\other\gmod.mframe.ru\node_modules\material-design-lite
40 verbose unbuild node_modules\material-design-lite
41 info lifecycle material-design-lite@1.2.1~preuninstall: material-design-lite@1.2.1
42 silly lifecycle material-design-lite@1.2.1~preuninstall: no script for preuninstall, continuing
43 info lifecycle material-design-lite@1.2.1~uninstall: material-design-lite@1.2.1
44 silly lifecycle material-design-lite@1.2.1~uninstall: no script for uninstall, continuing
45 verbose unbuild rmStuff material-design-lite@1.2.1 from D:\other\gmod.mframe.ru\node_modules
46 info lifecycle material-design-lite@1.2.1~postuninstall: material-design-lite@1.2.1
47 silly lifecycle material-design-lite@1.2.1~postuninstall: no script for postuninstall, continuing
48 silly gentlyRm D:\other\gmod.mframe.ru\node_modules\material-design-lite is being purged from base D:\other\gmod.mframe.ru
49 verbose gentlyRm don't care about contents; nuking D:\other\gmod.mframe.ru\node_modules\material-design-lite
50 silly vacuum-fs purging D:\other\gmod.mframe.ru\node_modules\material-design-lite
51 silly vacuum-fs quitting because other entries in D:\other\gmod.mframe.ru\node_modules
52 verbose unlock done using C:\Users\Artem\AppData\Roaming\npm-cache\_locks\staging-68132f9cb9ab6e93.lock for D:\other\gmod.mframe.ru\node_modules\.staging
53 silly rollbackFailedOptional Starting
54 silly rollbackFailedOptional Finishing
55 silly runTopLevelLifecycles Starting
56 silly runTopLevelLifecycles Finishing
57 silly install printInstalled
58 verbose stack Error: EPERM: operation not permitted, unlink 'D:\other\gmod.mframe.ru\node_modules\material-design-lite'
58 verbose stack     at Error (native)
59 verbose cwd D:\other\gmod.mframe.ru
60 error Windows_NT 10.0.10240
61 error argv "C:\\Program Files\\nodejs\\node.exe" "C:\\Program Files\\nodejs\\node_modules\\npm\\bin\\npm-cli.js" "uninstall" "material-design-lite" "--save"
62 error node v6.3.0
63 error npm  v3.10.3
64 error path D:\other\gmod.mframe.ru\node_modules\material-design-lite
65 error code EPERM
66 error errno -4048
67 error syscall unlink
68 error Error: EPERM: operation not permitted, unlink 'D:\other\gmod.mframe.ru\node_modules\material-design-lite'
68 error     at Error (native)
68 error  { Error: EPERM: operation not permitted, unlink 'D:\other\gmod.mframe.ru\node_modules\material-design-lite'
68 error     at Error (native)
68 error   errno: -4048,
68 error   code: 'EPERM',
68 error   syscall: 'unlink',
68 error   path: 'D:\\other\\gmod.mframe.ru\\node_modules\\material-design-lite',
68 error   parent: 'gmod' }
69 error Please try running this command again as root/Administrator.
70 verbose exit [ -4048, true ]
